<?xml version="1.0" encoding="UTF-8"?>
<testng-results ignored="0" total="1" passed="1" failed="0" skipped="0">
  <reporter-output>
  </reporter-output>
  <suite started-at="2025-01-31T12:26:06 EST" name="Default suite" finished-at="2025-01-31T12:26:06 EST" duration-ms="90">
    <groups>
    </groups>
    <test started-at="2025-01-31T12:26:06 EST" name="Default test" finished-at="2025-01-31T12:26:06 EST" duration-ms="90">
      <class name="javastreams.example.JavaStreamDemo">
        <test-method signature="assignment()[pri:0, instance:javastreams.example.JavaStreamDemo@47e2e487]" started-at="2025-01-31T12:26:06 EST" name="assignment" finished-at="2025-01-31T12:26:06 EST" duration-ms="15" status="PASS">
          <reporter-output>
          </reporter-output>
        </test-method> <!-- assignment -->
      </class> <!-- javastreams.example.JavaStreamDemo -->
    </test> <!-- Default test -->
  </suite> <!-- Default suite -->
</testng-results>
